2023-11-13 04:25:26.777 0:00:08.289901 | INFO     | data_preprocessing.py:data_preprocessing:_dropNaCoordinates:144 - DROP NA IN COORDINATES - Dropping rows with NaN values in coordinate columns
2023-11-13 04:25:27.351 0:00:08.864373 | INFO     | data_preprocessing.py:data_preprocessing:_dropNaCoordinates:144 - DROP NA IN COORDINATES - Dropping rows with NaN values in coordinate columns
2023-11-13 04:25:27.446 0:00:08.958958 | INFO     | data_preprocessing.py:data_preprocessing:_imputeNaSpeed:176 - IMPUTE NA IN speed COLUMN - Imputing NaN values in the speed column with the maximum speed value (cause by TimeElapsed = 0)
2023-11-13 04:25:27.650 0:00:09.162683 | INFO     | data_preprocessing.py:data_preprocessing:_imputeNaSpeed:176 - IMPUTE NA IN speed COLUMN - Imputing NaN values in the speed column with the maximum speed value (cause by TimeElapsed = 0)
2023-11-13 04:25:27.686 0:00:09.198645 | INFO     | data_preprocessing.py:data_preprocessing:_encodeGameDate:204 - ENCODE GAME DATE - Encoding gameDate column by converting it to datetime and extracting the month
2023-11-13 04:25:28.191 0:00:09.703821 | INFO     | data_preprocessing.py:data_preprocessing:_encodeGameDate:204 - ENCODE GAME DATE - Encoding gameDate column by converting it to datetime and extracting the month
2023-11-13 04:25:28.275 0:00:09.788369 | INFO     | data_preprocessing.py:data_preprocessing:_encodeGameType:236 - ENCODE GAME TYPE - Encoding gameType column by converting it to binary
2023-11-13 04:25:28.814 0:00:10.327067 | INFO     | data_preprocessing.py:data_preprocessing:_encodeGameType:236 - ENCODE GAME TYPE - Encoding gameType column by converting it to binary
2023-11-13 04:25:28.918 0:00:10.430607 | INFO     | data_preprocessing.py:data_preprocessing:_encodeShooterId:262 - ENCODE SHOOTER ID - Encoding shooterId column by calculating the mean goals per game for each player per season
2023-11-13 04:25:29.577 0:00:11.090231 | INFO     | data_preprocessing.py:data_preprocessing:_encodeShooterId:262 - ENCODE SHOOTER ID - Encoding shooterId column by calculating the mean goals per game for each player per season
2023-11-13 04:25:29.700 0:00:11.212777 | INFO     | data_preprocessing.py:data_preprocessing:_encodeGoalieId:296 - ENCODE GOALIE ID - Encoding goalieId column by calculating the mean save ratio for each goalie per season
2023-11-13 04:25:30.474 0:00:11.987203 | INFO     | data_preprocessing.py:data_preprocessing:_encodeGoalieId:296 - ENCODE GOALIE ID - Encoding goalieId column by calculating the mean save ratio for each goalie per season
2023-11-13 04:25:30.621 0:00:12.133775 | INFO     | data_preprocessing.py:data_preprocessing:_encodeShotType:329 - ENCODE SHOT TYPE - Encoding shotType column using one-hot encoding
2023-11-13 04:25:31.520 0:00:13.033276 | INFO     | data_preprocessing.py:data_preprocessing:_encodeShotType:329 - ENCODE SHOT TYPE - Encoding shotType column using one-hot encoding
2023-11-13 04:25:31.679 0:00:13.191505 | INFO     | data_preprocessing.py:data_preprocessing:_encodeStrength:355 - ENCODE STRENGTH - Encoding strength column by calculating the difference between the number of skaters of the byTeam the other team skater
2023-11-13 04:25:31.947 0:00:13.460105 | INFO     | data_preprocessing.py:data_preprocessing:_encodeStrength:355 - ENCODE STRENGTH - Encoding strength column by calculating the difference between the number of skaters of the byTeam the other team skater
2023-11-13 04:25:31.996 0:00:13.509074 | INFO     | data_preprocessing.py:data_preprocessing:_encodeLastEventType:383 - ENCODE LAST EVENT TYPE - Encoding lastEventType column by grouping certain event types into 'OTHER' and applying one-hot encoding
2023-11-13 04:25:32.821 0:00:14.334347 | INFO     | data_preprocessing.py:data_preprocessing:_encodeLastEventType:383 - ENCODE LAST EVENT TYPE - Encoding lastEventType column by grouping certain event types into 'OTHER' and applying one-hot encoding
2023-11-13 04:25:33.014 0:00:14.526790 | INFO     | data_preprocessing.py:data_preprocessing:_encodeByTeam:425 - ENCODE BY TEAM - Encoding byTeam column by ranking the teams based on the number of wins per season
2023-11-13 04:25:33.534 0:00:15.046513 | INFO     | data_preprocessing.py:data_preprocessing:_encodeByTeam:425 - ENCODE BY TEAM - Encoding byTeam column by ranking the teams based on the number of wins per season
2023-11-13 04:28:44.723 0:00:07.219915 | INFO     | data_preprocessing.py:data_preprocessing:__init__:56 - DROP NA IN COORDINATES - Dropping rows with NaN values in coordinate columns
2023-11-13 04:28:45.308 0:00:07.805587 | INFO     | data_preprocessing.py:data_preprocessing:__init__:61 - IMPUTE NA IN speed COLUMN - Imputing NaN values in the speed column with the maximum speed value (cause by TimeElapsed = 0)
2023-11-13 04:28:45.515 0:00:08.012111 | INFO     | data_preprocessing.py:data_preprocessing:__init__:66 - ENCODE GAME DATE - Encoding gameDate column by converting it to datetime and extracting the month
2023-11-13 04:28:46.075 0:00:08.572719 | INFO     | data_preprocessing.py:data_preprocessing:__init__:71 - ENCODE GAME TYPE - Encoding gameType column by converting it to binary
2023-11-13 04:28:46.582 0:00:09.079283 | INFO     | data_preprocessing.py:data_preprocessing:__init__:76 - ENCODE SHOOTER ID - Encoding shooterId column by calculating the mean goals per game for each player per season
2023-11-13 04:28:47.346 0:00:09.843078 | INFO     | data_preprocessing.py:data_preprocessing:__init__:81 - ENCODE GOALIE ID - Encoding goalieId column by calculating the mean save ratio for each goalie per season
2023-11-13 04:28:48.289 0:00:10.786199 | INFO     | data_preprocessing.py:data_preprocessing:__init__:86 - ENCODE SHOT TYPE - Encoding shotType column using one-hot encoding
2023-11-13 04:28:49.350 0:00:11.847650 | INFO     | data_preprocessing.py:data_preprocessing:__init__:91 - ENCODE STRENGTH - Encoding strength column by calculating the difference between the number of skaters of the byTeam the other team skater
2023-11-13 04:28:49.706 0:00:12.202740 | INFO     | data_preprocessing.py:data_preprocessing:__init__:96 - ENCODE LAST EVENT TYPE - Encoding lastEventType column by grouping certain event types into 'OTHER' and applying one-hot encoding
2023-11-13 04:28:50.649 0:00:13.146501 | INFO     | data_preprocessing.py:data_preprocessing:__init__:101 - ENCODE BY TEAM - Encoding byTeam column by ranking the teams based on the number of wins per season
2023-11-13 04:31:00.587 0:00:07.304436 | INFO     | data_preprocessing.py:data_preprocessing:__init__:56 - DROP NA IN COORDINATES - Dropping rows with NaN values in coordinate columns
2023-11-13 04:31:01.173 0:00:07.891028 | INFO     | data_preprocessing.py:data_preprocessing:__init__:61 - IMPUTE NA IN speed COLUMN - Imputing NaN values in the speed column with the maximum speed value (cause by TimeElapsed = 0)
2023-11-13 04:31:01.378 0:00:08.095884 | INFO     | data_preprocessing.py:data_preprocessing:__init__:66 - ENCODE GAME DATE - Encoding gameDate column by converting it to datetime and extracting the month
2023-11-13 04:31:01.982 0:00:08.699547 | INFO     | data_preprocessing.py:data_preprocessing:__init__:71 - ENCODE GAME TYPE - Encoding gameType column by converting it to binary
2023-11-13 04:31:02.501 0:00:09.218906 | INFO     | data_preprocessing.py:data_preprocessing:__init__:76 - ENCODE SHOOTER ID - Encoding shooterId column by calculating the mean goals per game for each player per season
2023-11-13 04:31:03.299 0:00:10.016788 | INFO     | data_preprocessing.py:data_preprocessing:__init__:81 - ENCODE GOALIE ID - Encoding goalieId column by calculating the mean save ratio for each goalie per season
2023-11-13 04:31:04.214 0:00:10.932054 | INFO     | data_preprocessing.py:data_preprocessing:__init__:86 - ENCODE SHOT TYPE - Encoding shotType column using one-hot encoding
2023-11-13 04:31:05.255 0:00:11.972584 | INFO     | data_preprocessing.py:data_preprocessing:__init__:91 - ENCODE STRENGTH - Encoding strength column by calculating the difference between the number of skaters of the byTeam the other team skater
2023-11-13 04:31:05.582 0:00:12.299636 | INFO     | data_preprocessing.py:data_preprocessing:__init__:96 - ENCODE LAST EVENT TYPE - Encoding lastEventType column by grouping certain event types into 'OTHER' and applying one-hot encoding
2023-11-13 04:31:06.517 0:00:13.235118 | INFO     | data_preprocessing.py:data_preprocessing:__init__:101 - ENCODE BY TEAM - Encoding byTeam column by ranking the teams based on the number of wins per season
2023-11-13 04:32:28.952 0:00:07.152213 | INFO     | data_preprocessing.py:data_preprocessing:__init__:56 - DROP NA IN COORDINATES - Dropping rows with NaN values in coordinate columns
2023-11-13 04:32:29.093 0:00:07.293139 | INFO     | data_preprocessing.py:data_preprocessing:__init__:61 - IMPUTE NA IN speed COLUMN - Imputing NaN values in the speed column with the maximum speed value (cause by TimeElapsed = 0)
2023-11-13 04:32:29.155 0:00:07.355224 | INFO     | data_preprocessing.py:data_preprocessing:__init__:66 - ENCODE GAME DATE - Encoding gameDate column by converting it to datetime and extracting the month
2023-11-13 04:32:29.362 0:00:07.562171 | INFO     | data_preprocessing.py:data_preprocessing:__init__:71 - ENCODE GAME TYPE - Encoding gameType column by converting it to binary
2023-11-13 04:32:29.559 0:00:07.759525 | INFO     | data_preprocessing.py:data_preprocessing:__init__:76 - ENCODE SHOOTER ID - Encoding shooterId column by calculating the mean goals per game for each player per season
2023-11-13 04:32:29.787 0:00:07.987184 | INFO     | data_preprocessing.py:data_preprocessing:__init__:81 - ENCODE GOALIE ID - Encoding goalieId column by calculating the mean save ratio for each goalie per season
2023-11-13 04:32:30.214 0:00:08.414562 | INFO     | data_preprocessing.py:data_preprocessing:__init__:86 - ENCODE SHOT TYPE - Encoding shotType column using one-hot encoding
2023-11-13 04:32:30.529 0:00:08.729364 | INFO     | data_preprocessing.py:data_preprocessing:__init__:91 - ENCODE STRENGTH - Encoding strength column by calculating the difference between the number of skaters of the byTeam the other team skater
2023-11-13 04:32:30.623 0:00:08.823004 | INFO     | data_preprocessing.py:data_preprocessing:__init__:96 - ENCODE LAST EVENT TYPE - Encoding lastEventType column by grouping certain event types into 'OTHER' and applying one-hot encoding
2023-11-13 04:32:30.926 0:00:09.125959 | INFO     | data_preprocessing.py:data_preprocessing:__init__:101 - ENCODE BY TEAM - Encoding byTeam column by ranking the teams based on the number of wins per season
2023-11-13 04:39:59.490 0:00:07.302608 | INFO     | data_preprocessing.py:data_preprocessing:__init__:56 - DROP NA IN COORDINATES - Dropping rows with NaN values in coordinate columns
2023-11-13 04:39:59.635 0:00:07.447918 | INFO     | data_preprocessing.py:data_preprocessing:__init__:61 - IMPUTE NA IN speed COLUMN - Imputing NaN values in the speed column with the maximum speed value (cause by TimeElapsed = 0)
2023-11-13 04:39:59.700 0:00:07.512932 | INFO     | data_preprocessing.py:data_preprocessing:__init__:66 - ENCODE GAME DATE - Encoding gameDate column by converting it to datetime and extracting the month
2023-11-13 04:39:59.885 0:00:07.697448 | INFO     | data_preprocessing.py:data_preprocessing:__init__:71 - ENCODE GAME TYPE - Encoding gameType column by converting it to binary
2023-11-13 04:40:00.053 0:00:07.865657 | INFO     | data_preprocessing.py:data_preprocessing:__init__:76 - ENCODE SHOOTER ID - Encoding shooterId column by calculating the mean goals per game for each player per season
2023-11-13 04:40:00.287 0:00:08.099292 | INFO     | data_preprocessing.py:data_preprocessing:__init__:81 - ENCODE GOALIE ID - Encoding goalieId column by calculating the mean save ratio for each goalie per season and impute NA by median
2023-11-13 04:40:00.733 0:00:08.545061 | INFO     | data_preprocessing.py:data_preprocessing:__init__:86 - ENCODE SHOT TYPE - Encoding shotType column using one-hot encoding
2023-11-13 04:40:01.114 0:00:08.926200 | INFO     | data_preprocessing.py:data_preprocessing:__init__:91 - ENCODE STRENGTH - Encoding strength column by calculating the difference between the number of skaters of the byTeam the other team skater
2023-11-13 04:40:01.211 0:00:09.023504 | INFO     | data_preprocessing.py:data_preprocessing:__init__:96 - ENCODE LAST EVENT TYPE - Encoding lastEventType column by grouping certain event types into 'OTHER' and applying one-hot encoding
2023-11-13 04:40:01.525 0:00:09.337157 | INFO     | data_preprocessing.py:data_preprocessing:__init__:101 - ENCODE BY TEAM - Encoding byTeam column by ranking the teams based on the number of wins per season
2023-11-13 05:03:01.162 0:00:07.190818 | INFO     | data_preprocessing.py:data_preprocessing:__init__:56 - DROP NA IN COORDINATES - Dropping rows with NaN values in coordinate columns
2023-11-13 05:03:01.314 0:00:07.342470 | INFO     | data_preprocessing.py:data_preprocessing:__init__:61 - IMPUTE NA IN speed COLUMN - Imputing NaN values in the speed column with the maximum speed value (cause by TimeElapsed = 0)
2023-11-13 05:03:01.385 0:00:07.413524 | INFO     | data_preprocessing.py:data_preprocessing:__init__:66 - ENCODE GAME DATE - Encoding gameDate column by converting it to datetime and extracting the month
2023-11-13 05:03:01.631 0:00:07.659293 | INFO     | data_preprocessing.py:data_preprocessing:__init__:71 - ENCODE GAME TYPE - Encoding gameType column by converting it to binary
2023-11-13 05:03:01.809 0:00:07.837635 | INFO     | data_preprocessing.py:data_preprocessing:__init__:76 - ENCODE SHOOTER ID - Encoding shooterId column by calculating the mean goals per game for each player per season
2023-11-13 05:03:02.077 0:00:08.106115 | INFO     | data_preprocessing.py:data_preprocessing:__init__:81 - ENCODE GOALIE ID - Encoding goalieId column by calculating the mean save ratio for each goalie per season and impute NA by median
2023-11-13 05:03:02.557 0:00:08.585692 | INFO     | data_preprocessing.py:data_preprocessing:__init__:86 - ENCODE SHOT TYPE - Encoding shotType column using one-hot encoding
2023-11-13 05:03:02.904 0:00:08.932863 | INFO     | data_preprocessing.py:data_preprocessing:__init__:91 - ENCODE STRENGTH - Encoding strength column by calculating the difference between the number of skaters of the byTeam the other team skater
2023-11-13 05:26:51.946 0:00:07.147369 | INFO     | data_preprocessing.py:data_preprocessing:__init__:56 - DROP NA IN COORDINATES - Dropping rows with NaN values in coordinate columns
2023-11-13 05:26:52.136 0:00:07.336960 | INFO     | data_preprocessing.py:data_preprocessing:__init__:61 - IMPUTE NA IN speed COLUMN - Imputing NaN values in the speed column with the maximum speed value (cause by TimeElapsed = 0)
2023-11-13 05:26:52.200 0:00:07.401096 | INFO     | data_preprocessing.py:data_preprocessing:__init__:66 - ENCODE GAME DATE - Encoding gameDate column by converting it to datetime and extracting the month
2023-11-13 05:26:52.370 0:00:07.571042 | INFO     | data_preprocessing.py:data_preprocessing:__init__:71 - ENCODE GAME TYPE - Encoding gameType column by converting it to binary
2023-11-13 05:26:52.524 0:00:07.725335 | INFO     | data_preprocessing.py:data_preprocessing:__init__:76 - ENCODE SHOOTER ID - Encoding shooterId column by calculating the mean goals per game for each player per season
2023-11-13 05:26:52.760 0:00:07.961463 | INFO     | data_preprocessing.py:data_preprocessing:__init__:81 - ENCODE GOALIE ID - Encoding goalieId column by calculating the mean save ratio for each goalie per season and impute NA by median
2023-11-13 05:26:53.188 0:00:08.388892 | INFO     | data_preprocessing.py:data_preprocessing:__init__:86 - ENCODE SHOT TYPE - Encoding shotType column using one-hot encoding
2023-11-13 05:26:53.497 0:00:08.698195 | INFO     | data_preprocessing.py:data_preprocessing:__init__:91 - ENCODE STRENGTH - Encoding strength column by calculating the difference between the number of skaters of the byTeam the other team skater
2023-11-13 05:26:53.597 0:00:08.797814 | INFO     | data_preprocessing.py:data_preprocessing:__init__:96 - ENCODE LAST EVENT TYPE - Encoding lastEventType column by grouping certain event types into 'OTHER' and applying one-hot encoding
2023-11-13 05:26:53.887 0:00:09.088290 | INFO     | data_preprocessing.py:data_preprocessing:__init__:101 - ENCODE BY TEAM - Encoding byTeam column by ranking the teams based on the number of wins per season
2023-11-13 05:59:01.170 0:32:16.370972 | INFO     | data_preprocessing.py:data_preprocessing:__init__:56 - DROP NA IN COORDINATES - Dropping rows with NaN values in coordinate columns
2023-11-13 05:59:01.312 0:32:16.513607 | INFO     | data_preprocessing.py:data_preprocessing:__init__:61 - IMPUTE NA IN speed COLUMN - Imputing NaN values in the speed column with the maximum speed value (cause by TimeElapsed = 0)
2023-11-13 05:59:01.376 0:32:16.577175 | INFO     | data_preprocessing.py:data_preprocessing:__init__:66 - ENCODE GAME DATE - Encoding gameDate column by converting it to datetime and extracting the month
2023-11-13 05:59:01.547 0:32:16.747835 | INFO     | data_preprocessing.py:data_preprocessing:__init__:71 - ENCODE GAME TYPE - Encoding gameType column by converting it to binary
2023-11-13 05:59:01.696 0:32:16.896893 | INFO     | data_preprocessing.py:data_preprocessing:__init__:76 - ENCODE SHOOTER ID - Encoding shooterId column by calculating the mean goals per game for each player per season
2023-11-13 05:59:01.917 0:32:17.118166 | INFO     | data_preprocessing.py:data_preprocessing:__init__:81 - ENCODE GOALIE ID - Encoding goalieId column by calculating the mean save ratio for each goalie per season and impute NA by median
2023-11-13 05:59:02.351 0:32:17.551891 | INFO     | data_preprocessing.py:data_preprocessing:__init__:86 - ENCODE SHOT TYPE - Encoding shotType column using one-hot encoding
2023-11-13 05:59:02.680 0:32:17.881147 | INFO     | data_preprocessing.py:data_preprocessing:__init__:91 - ENCODE STRENGTH - Encoding strength column by calculating the difference between the number of skaters of the byTeam the other team skater
2023-11-13 05:59:02.854 0:32:18.055690 | INFO     | data_preprocessing.py:data_preprocessing:__init__:96 - ENCODE LAST EVENT TYPE - Encoding lastEventType column by grouping certain event types into 'OTHER' and applying one-hot encoding
2023-11-13 05:59:03.174 0:32:18.375096 | INFO     | data_preprocessing.py:data_preprocessing:__init__:101 - ENCODE BY TEAM - Encoding byTeam column by ranking the teams based on the number of wins per season
